build/app/intermediates/manifest_merge_blame_file/debug/manifest-merger-blame-debug-report.txt
1<?xml version="1.0" encoding="utf-8"?>
2<manifest xmlns:android="http://schemas.android.com/apk/res/android"
3    package="com.example.cloudbelly_app"
4    android:versionCode="1"
5    android:versionName="1.0.0" >
6
7    <uses-sdk
8        android:minSdkVersion="19"
9        android:targetSdkVersion="33" />
10    <!--
11         The INTERNET permission is required for development. Specifically,
12         the Flutter tool needs it to communicate with the running application
13         to allow setting breakpoints, to provide hot reload, etc.
14    -->
15    <uses-permission android:name="android.permission.INTERNET" />
15-->src\debug\AndroidManifest.xml:6:5-66
15-->src\debug\AndroidManifest.xml:6:22-64
16    <uses-permission android:name="android.permission.ACCESS_FINE_LOCATION" />
16-->src\main\AndroidManifest.xml:2:1-75
16-->src\main\AndroidManifest.xml:2:18-72
17    <uses-permission android:name="android.permission.ACCESS_COARSE_LOCATION" />
17-->src\main\AndroidManifest.xml:3:1-77
17-->src\main\AndroidManifest.xml:3:18-74
18    <uses-permission android:name="android.permission.FOREGROUND_SERVICE" />
18-->[:geolocator_android] AndroidManifest.xml:9:5-77
18-->[:geolocator_android] AndroidManifest.xml:9:22-74
19    <uses-permission android:name="android.permission.ACCESS_NETWORK_STATE" />
19-->[com.google.firebase:firebase-messaging:23.4.0] AndroidManifest.xml:22:5-79
19-->[com.google.firebase:firebase-messaging:23.4.0] AndroidManifest.xml:22:22-76
20    <uses-permission android:name="android.permission.POST_NOTIFICATIONS" />
20-->[com.google.firebase:firebase-messaging:23.4.0] AndroidManifest.xml:23:5-77
20-->[com.google.firebase:firebase-messaging:23.4.0] AndroidManifest.xml:23:22-74
21    <uses-permission android:name="android.permission.WAKE_LOCK" /> <!-- Required by older versions of Google Play services to create IID tokens -->
21-->[com.google.firebase:firebase-messaging:23.4.0] AndroidManifest.xml:24:5-68
21-->[com.google.firebase:firebase-messaging:23.4.0] AndroidManifest.xml:24:22-65
22    <uses-permission android:name="com.google.android.c2dm.permission.RECEIVE" />
22-->[com.google.firebase:firebase-messaging:23.4.0] AndroidManifest.xml:26:5-82
22-->[com.google.firebase:firebase-messaging:23.4.0] AndroidManifest.xml:26:22-79
23    <uses-permission android:name="com.google.android.gms.permission.AD_ID" />
23-->[com.google.android.gms:play-services-measurement-api:21.5.0] AndroidManifest.xml:25:5-79
23-->[com.google.android.gms:play-services-measurement-api:21.5.0] AndroidManifest.xml:25:22-76
24    <uses-permission android:name="android.permission.ACCESS_ADSERVICES_ATTRIBUTION" />
24-->[com.google.android.gms:play-services-measurement-api:21.5.0] AndroidManifest.xml:26:5-88
24-->[com.google.android.gms:play-services-measurement-api:21.5.0] AndroidManifest.xml:26:22-85
25    <uses-permission android:name="android.permission.ACCESS_ADSERVICES_AD_ID" />
25-->[com.google.android.gms:play-services-measurement-api:21.5.0] AndroidManifest.xml:27:5-82
25-->[com.google.android.gms:play-services-measurement-api:21.5.0] AndroidManifest.xml:27:22-79
26    <uses-permission android:name="com.google.android.finsky.permission.BIND_GET_INSTALL_REFERRER_SERVICE" />
26-->[com.google.android.gms:play-services-measurement:21.5.0] AndroidManifest.xml:26:5-110
26-->[com.google.android.gms:play-services-measurement:21.5.0] AndroidManifest.xml:26:22-107
27
28    <permission
28-->[androidx.core:core:1.10.1] AndroidManifest.xml:22:5-24:47
29        android:name="com.example.cloudbelly_app.DYNAMIC_RECEIVER_NOT_EXPORTED_PERMISSION"
29-->[androidx.core:core:1.10.1] AndroidManifest.xml:23:9-81
30        android:protectionLevel="signature" />
30-->[androidx.core:core:1.10.1] AndroidManifest.xml:24:9-44
31
32    <uses-permission android:name="com.example.cloudbelly_app.DYNAMIC_RECEIVER_NOT_EXPORTED_PERMISSION" />
32-->[androidx.core:core:1.10.1] AndroidManifest.xml:26:5-97
32-->[androidx.core:core:1.10.1] AndroidManifest.xml:26:22-94
33
34    <application
35        android:name="android.app.Application"
36        android:appComponentFactory="androidx.core.app.CoreComponentFactory"
36-->[androidx.core:core:1.10.1] AndroidManifest.xml:28:18-86
37        android:debuggable="true"
38        android:icon="@mipmap/ic_launcher"
39        android:label="cloudbelly_app" >
40        <activity
41            android:name="com.example.cloudbelly_app.MainActivity"
42            android:configChanges="orientation|keyboardHidden|keyboard|screenSize|smallestScreenSize|locale|layoutDirection|fontScale|screenLayout|density|uiMode"
43            android:exported="true"
44            android:hardwareAccelerated="true"
45            android:launchMode="singleTop"
46            android:theme="@style/LaunchTheme"
47            android:windowSoftInputMode="adjustResize" >
48
49            <!--
50                 Specifies an Android theme to apply to this Activity as soon as
51                 the Android process has started. This theme is visible to the user
52                 while the Flutter UI initializes. After that, this theme continues
53                 to determine the Window background behind the Flutter UI.
54            -->
55            <meta-data
56                android:name="io.flutter.embedding.android.NormalTheme"
57                android:resource="@style/NormalTheme" />
58
59            <intent-filter>
60                <action android:name="android.intent.action.MAIN" />
61
62                <category android:name="android.intent.category.LAUNCHER" />
63            </intent-filter>
64        </activity>
65        <!--
66             Don't delete the meta-data below.
67             This is used by the Flutter tool to generate GeneratedPluginRegistrant.java
68        -->
69        <meta-data
70            android:name="flutterEmbedding"
71            android:value="2" />
72
73        <service
73-->[:firebase_auth] AndroidManifest.xml:10:9-14:19
74            android:name="com.google.firebase.components.ComponentDiscoveryService"
74-->[:firebase_auth] AndroidManifest.xml:10:18-89
75            android:directBootAware="true"
75-->[com.google.firebase:firebase-common:20.4.2] AndroidManifest.xml:32:13-43
76            android:exported="false" >
76-->[com.google.firebase:firebase-analytics-ktx:21.5.0] AndroidManifest.xml:10:13-37
77            <meta-data
77-->[:firebase_auth] AndroidManifest.xml:11:13-13:85
78                android:name="com.google.firebase.components:io.flutter.plugins.firebase.auth.FlutterFirebaseAuthRegistrar"
78-->[:firebase_auth] AndroidManifest.xml:12:17-124
79                android:value="com.google.firebase.components.ComponentRegistrar" />
79-->[:firebase_auth] AndroidManifest.xml:13:17-82
80            <meta-data
80-->[:firebase_dynamic_links] AndroidManifest.xml:13:13-15:85
81                android:name="com.google.firebase.components:io.flutter.plugins.firebase.dynamiclinks.FlutterFirebaseAppRegistrar"
81-->[:firebase_dynamic_links] AndroidManifest.xml:14:17-131
82                android:value="com.google.firebase.components.ComponentRegistrar" />
82-->[:firebase_dynamic_links] AndroidManifest.xml:15:17-82
83            <meta-data
83-->[:firebase_core] AndroidManifest.xml:11:13-13:85
84                android:name="com.google.firebase.components:io.flutter.plugins.firebase.core.FlutterFirebaseCoreRegistrar"
84-->[:firebase_core] AndroidManifest.xml:12:17-124
85                android:value="com.google.firebase.components.ComponentRegistrar" />
85-->[:firebase_core] AndroidManifest.xml:13:17-82
86            <meta-data
86-->[com.google.firebase:firebase-analytics-ktx:21.5.0] AndroidManifest.xml:11:13-13:85
87                android:name="com.google.firebase.components:com.google.firebase.analytics.ktx.FirebaseAnalyticsLegacyRegistrar"
87-->[com.google.firebase:firebase-analytics-ktx:21.5.0] AndroidManifest.xml:12:17-129
88                android:value="com.google.firebase.components.ComponentRegistrar" />
88-->[com.google.firebase:firebase-analytics-ktx:21.5.0] AndroidManifest.xml:13:17-82
89            <meta-data
89-->[com.google.firebase:firebase-messaging:23.4.0] AndroidManifest.xml:57:13-59:85
90                android:name="com.google.firebase.components:com.google.firebase.messaging.FirebaseMessagingKtxRegistrar"
90-->[com.google.firebase:firebase-messaging:23.4.0] AndroidManifest.xml:58:17-122
91                android:value="com.google.firebase.components.ComponentRegistrar" />
91-->[com.google.firebase:firebase-messaging:23.4.0] AndroidManifest.xml:59:17-82
92            <meta-data
92-->[com.google.firebase:firebase-messaging:23.4.0] AndroidManifest.xml:60:13-62:85
93                android:name="com.google.firebase.components:com.google.firebase.messaging.FirebaseMessagingRegistrar"
93-->[com.google.firebase:firebase-messaging:23.4.0] AndroidManifest.xml:61:17-119
94                android:value="com.google.firebase.components.ComponentRegistrar" />
94-->[com.google.firebase:firebase-messaging:23.4.0] AndroidManifest.xml:62:17-82
95            <meta-data
95-->[com.google.firebase:firebase-auth:22.3.0] AndroidManifest.xml:69:13-71:85
96                android:name="com.google.firebase.components:com.google.firebase.auth.FirebaseAuthRegistrar"
96-->[com.google.firebase:firebase-auth:22.3.0] AndroidManifest.xml:70:17-109
97                android:value="com.google.firebase.components.ComponentRegistrar" />
97-->[com.google.firebase:firebase-auth:22.3.0] AndroidManifest.xml:71:17-82
98            <meta-data
98-->[com.google.firebase:firebase-dynamic-links:21.2.0] AndroidManifest.xml:24:13-26:85
99                android:name="com.google.firebase.components:com.google.firebase.dynamiclinks.FirebaseDynamicLinksKtxRegistrar"
99-->[com.google.firebase:firebase-dynamic-links:21.2.0] AndroidManifest.xml:25:17-128
100                android:value="com.google.firebase.components.ComponentRegistrar" />
100-->[com.google.firebase:firebase-dynamic-links:21.2.0] AndroidManifest.xml:26:17-82
101            <meta-data
101-->[com.google.firebase:firebase-dynamic-links:21.2.0] AndroidManifest.xml:27:13-29:85
102                android:name="com.google.firebase.components:com.google.firebase.dynamiclinks.internal.FirebaseDynamicLinkRegistrar"
102-->[com.google.firebase:firebase-dynamic-links:21.2.0] AndroidManifest.xml:28:17-133
103                android:value="com.google.firebase.components.ComponentRegistrar" />
103-->[com.google.firebase:firebase-dynamic-links:21.2.0] AndroidManifest.xml:29:17-82
104            <meta-data
104-->[com.google.android.gms:play-services-measurement-api:21.5.0] AndroidManifest.xml:37:13-39:85
105                android:name="com.google.firebase.components:com.google.firebase.analytics.connector.internal.AnalyticsConnectorRegistrar"
105-->[com.google.android.gms:play-services-measurement-api:21.5.0] AndroidManifest.xml:38:17-139
106                android:value="com.google.firebase.components.ComponentRegistrar" />
106-->[com.google.android.gms:play-services-measurement-api:21.5.0] AndroidManifest.xml:39:17-82
107            <meta-data
107-->[com.google.firebase:firebase-installations:17.2.0] AndroidManifest.xml:15:13-17:85
108                android:name="com.google.firebase.components:com.google.firebase.installations.FirebaseInstallationsKtxRegistrar"
108-->[com.google.firebase:firebase-installations:17.2.0] AndroidManifest.xml:16:17-130
109                android:value="com.google.firebase.components.ComponentRegistrar" />
109-->[com.google.firebase:firebase-installations:17.2.0] AndroidManifest.xml:17:17-82
110            <meta-data
110-->[com.google.firebase:firebase-installations:17.2.0] AndroidManifest.xml:18:13-20:85
111                android:name="com.google.firebase.components:com.google.firebase.installations.FirebaseInstallationsRegistrar"
111-->[com.google.firebase:firebase-installations:17.2.0] AndroidManifest.xml:19:17-127
112                android:value="com.google.firebase.components.ComponentRegistrar" />
112-->[com.google.firebase:firebase-installations:17.2.0] AndroidManifest.xml:20:17-82
113            <meta-data
113-->[com.google.firebase:firebase-common-ktx:20.4.2] AndroidManifest.xml:12:13-14:85
114                android:name="com.google.firebase.components:com.google.firebase.ktx.FirebaseCommonLegacyRegistrar"
114-->[com.google.firebase:firebase-common-ktx:20.4.2] AndroidManifest.xml:13:17-116
115                android:value="com.google.firebase.components.ComponentRegistrar" />
115-->[com.google.firebase:firebase-common-ktx:20.4.2] AndroidManifest.xml:14:17-82
116            <meta-data
116-->[com.google.firebase:firebase-common:20.4.2] AndroidManifest.xml:35:13-37:85
117                android:name="com.google.firebase.components:com.google.firebase.FirebaseCommonKtxRegistrar"
117-->[com.google.firebase:firebase-common:20.4.2] AndroidManifest.xml:36:17-109
118                android:value="com.google.firebase.components.ComponentRegistrar" />
118-->[com.google.firebase:firebase-common:20.4.2] AndroidManifest.xml:37:17-82
119            <meta-data
119-->[com.google.firebase:firebase-datatransport:18.1.7] AndroidManifest.xml:27:13-29:85
120                android:name="com.google.firebase.components:com.google.firebase.datatransport.TransportRegistrar"
120-->[com.google.firebase:firebase-datatransport:18.1.7] AndroidManifest.xml:28:17-115
121                android:value="com.google.firebase.components.ComponentRegistrar" />
121-->[com.google.firebase:firebase-datatransport:18.1.7] AndroidManifest.xml:29:17-82
122        </service>
123        <service
123-->[:geolocator_android] AndroidManifest.xml:12:9-16:56
124            android:name="com.baseflow.geolocator.GeolocatorLocationService"
124-->[:geolocator_android] AndroidManifest.xml:13:13-77
125            android:enabled="true"
125-->[:geolocator_android] AndroidManifest.xml:14:13-35
126            android:exported="false"
126-->[:geolocator_android] AndroidManifest.xml:15:13-37
127            android:foregroundServiceType="location" />
127-->[:geolocator_android] AndroidManifest.xml:16:13-53
128
129        <provider
129-->[:image_picker_android] AndroidManifest.xml:10:9-18:20
130            android:name="io.flutter.plugins.imagepicker.ImagePickerFileProvider"
130-->[:image_picker_android] AndroidManifest.xml:11:13-82
131            android:authorities="com.example.cloudbelly_app.flutter.image_provider"
131-->[:image_picker_android] AndroidManifest.xml:12:13-74
132            android:exported="false"
132-->[:image_picker_android] AndroidManifest.xml:13:13-37
133            android:grantUriPermissions="true" >
133-->[:image_picker_android] AndroidManifest.xml:14:13-47
134            <meta-data
134-->[:image_picker_android] AndroidManifest.xml:15:13-17:75
135                android:name="android.support.FILE_PROVIDER_PATHS"
135-->[:image_picker_android] AndroidManifest.xml:16:17-67
136                android:resource="@xml/flutter_image_picker_file_paths" />
136-->[:image_picker_android] AndroidManifest.xml:17:17-72
137        </provider>
138
139        <receiver
139-->[com.google.firebase:firebase-messaging:23.4.0] AndroidManifest.xml:29:9-40:20
140            android:name="com.google.firebase.iid.FirebaseInstanceIdReceiver"
140-->[com.google.firebase:firebase-messaging:23.4.0] AndroidManifest.xml:30:13-78
141            android:exported="true"
141-->[com.google.firebase:firebase-messaging:23.4.0] AndroidManifest.xml:31:13-36
142            android:permission="com.google.android.c2dm.permission.SEND" >
142-->[com.google.firebase:firebase-messaging:23.4.0] AndroidManifest.xml:32:13-73
143            <intent-filter>
143-->[com.google.firebase:firebase-messaging:23.4.0] AndroidManifest.xml:33:13-35:29
144                <action android:name="com.google.android.c2dm.intent.RECEIVE" />
144-->[com.google.firebase:firebase-messaging:23.4.0] AndroidManifest.xml:34:17-81
144-->[com.google.firebase:firebase-messaging:23.4.0] AndroidManifest.xml:34:25-78
145            </intent-filter>
146
147            <meta-data
147-->[com.google.firebase:firebase-messaging:23.4.0] AndroidManifest.xml:37:13-39:40
148                android:name="com.google.android.gms.cloudmessaging.FINISHED_AFTER_HANDLED"
148-->[com.google.firebase:firebase-messaging:23.4.0] AndroidManifest.xml:38:17-92
149                android:value="true" />
149-->[com.google.firebase:firebase-messaging:23.4.0] AndroidManifest.xml:39:17-37
150        </receiver>
151        <!--
152             FirebaseMessagingService performs security checks at runtime,
153             but set to not exported to explicitly avoid allowing another app to call it.
154        -->
155        <service
155-->[com.google.firebase:firebase-messaging:23.4.0] AndroidManifest.xml:46:9-53:19
156            android:name="com.google.firebase.messaging.FirebaseMessagingService"
156-->[com.google.firebase:firebase-messaging:23.4.0] AndroidManifest.xml:47:13-82
157            android:directBootAware="true"
157-->[com.google.firebase:firebase-messaging:23.4.0] AndroidManifest.xml:48:13-43
158            android:exported="false" >
158-->[com.google.firebase:firebase-messaging:23.4.0] AndroidManifest.xml:49:13-37
159            <intent-filter android:priority="-500" >
159-->[com.google.firebase:firebase-messaging:23.4.0] AndroidManifest.xml:50:13-52:29
159-->[com.google.firebase:firebase-messaging:23.4.0] AndroidManifest.xml:50:28-51
160                <action android:name="com.google.firebase.MESSAGING_EVENT" />
160-->[com.google.firebase:firebase-messaging:23.4.0] AndroidManifest.xml:51:17-78
160-->[com.google.firebase:firebase-messaging:23.4.0] AndroidManifest.xml:51:25-75
161            </intent-filter>
162        </service>
163
164        <activity
164-->[com.google.firebase:firebase-auth:22.3.0] AndroidManifest.xml:29:9-46:20
165            android:name="com.google.firebase.auth.internal.GenericIdpActivity"
165-->[com.google.firebase:firebase-auth:22.3.0] AndroidManifest.xml:30:13-80
166            android:excludeFromRecents="true"
166-->[com.google.firebase:firebase-auth:22.3.0] AndroidManifest.xml:31:13-46
167            android:exported="true"
167-->[com.google.firebase:firebase-auth:22.3.0] AndroidManifest.xml:32:13-36
168            android:launchMode="singleTask"
168-->[com.google.firebase:firebase-auth:22.3.0] AndroidManifest.xml:33:13-44
169            android:theme="@android:style/Theme.Translucent.NoTitleBar" >
169-->[com.google.firebase:firebase-auth:22.3.0] AndroidManifest.xml:34:13-72
170            <intent-filter>
170-->[com.google.firebase:firebase-auth:22.3.0] AndroidManifest.xml:35:13-45:29
171                <action android:name="android.intent.action.VIEW" />
171-->[com.google.firebase:firebase-auth:22.3.0] AndroidManifest.xml:36:17-69
171-->[com.google.firebase:firebase-auth:22.3.0] AndroidManifest.xml:36:25-66
172
173                <category android:name="android.intent.category.DEFAULT" />
173-->[com.google.firebase:firebase-auth:22.3.0] AndroidManifest.xml:38:17-76
173-->[com.google.firebase:firebase-auth:22.3.0] AndroidManifest.xml:38:27-73
174                <category android:name="android.intent.category.BROWSABLE" />
174-->[com.google.firebase:firebase-auth:22.3.0] AndroidManifest.xml:39:17-78
174-->[com.google.firebase:firebase-auth:22.3.0] AndroidManifest.xml:39:27-75
175
176                <data
176-->[com.google.firebase:firebase-auth:22.3.0] AndroidManifest.xml:41:17-44:51
177                    android:host="firebase.auth"
177-->[com.google.firebase:firebase-auth:22.3.0] AndroidManifest.xml:42:21-49
178                    android:path="/"
178-->[com.google.firebase:firebase-auth:22.3.0] AndroidManifest.xml:43:21-37
179                    android:scheme="genericidp" />
179-->[com.google.firebase:firebase-auth:22.3.0] AndroidManifest.xml:44:21-48
180            </intent-filter>
181        </activity>
182        <activity
182-->[com.google.firebase:firebase-auth:22.3.0] AndroidManifest.xml:47:9-64:20
183            android:name="com.google.firebase.auth.internal.RecaptchaActivity"
183-->[com.google.firebase:firebase-auth:22.3.0] AndroidManifest.xml:48:13-79
184            android:excludeFromRecents="true"
184-->[com.google.firebase:firebase-auth:22.3.0] AndroidManifest.xml:49:13-46
185            android:exported="true"
185-->[com.google.firebase:firebase-auth:22.3.0] AndroidManifest.xml:50:13-36
186            android:launchMode="singleTask"
186-->[com.google.firebase:firebase-auth:22.3.0] AndroidManifest.xml:51:13-44
187            android:theme="@android:style/Theme.Translucent.NoTitleBar" >
187-->[com.google.firebase:firebase-auth:22.3.0] AndroidManifest.xml:52:13-72
188            <intent-filter>
188-->[com.google.firebase:firebase-auth:22.3.0] AndroidManifest.xml:53:13-63:29
189                <action android:name="android.intent.action.VIEW" />
189-->[com.google.firebase:firebase-auth:22.3.0] AndroidManifest.xml:36:17-69
189-->[com.google.firebase:firebase-auth:22.3.0] AndroidManifest.xml:36:25-66
190
191                <category android:name="android.intent.category.DEFAULT" />
191-->[com.google.firebase:firebase-auth:22.3.0] AndroidManifest.xml:38:17-76
191-->[com.google.firebase:firebase-auth:22.3.0] AndroidManifest.xml:38:27-73
192                <category android:name="android.intent.category.BROWSABLE" />
192-->[com.google.firebase:firebase-auth:22.3.0] AndroidManifest.xml:39:17-78
192-->[com.google.firebase:firebase-auth:22.3.0] AndroidManifest.xml:39:27-75
193
194                <data
194-->[com.google.firebase:firebase-auth:22.3.0] AndroidManifest.xml:41:17-44:51
195                    android:host="firebase.auth"
195-->[com.google.firebase:firebase-auth:22.3.0] AndroidManifest.xml:42:21-49
196                    android:path="/"
196-->[com.google.firebase:firebase-auth:22.3.0] AndroidManifest.xml:43:21-37
197                    android:scheme="recaptcha" />
197-->[com.google.firebase:firebase-auth:22.3.0] AndroidManifest.xml:44:21-48
198            </intent-filter>
199        </activity>
200
201        <property
201-->[com.google.android.gms:play-services-measurement-api:21.5.0] AndroidManifest.xml:30:9-32:61
202            android:name="android.adservices.AD_SERVICES_CONFIG"
202-->[com.google.android.gms:play-services-measurement-api:21.5.0] AndroidManifest.xml:31:13-65
203            android:resource="@xml/ga_ad_services_config" />
203-->[com.google.android.gms:play-services-measurement-api:21.5.0] AndroidManifest.xml:32:13-58
204
205        <provider
205-->[com.google.firebase:firebase-common:20.4.2] AndroidManifest.xml:23:9-28:39
206            android:name="com.google.firebase.provider.FirebaseInitProvider"
206-->[com.google.firebase:firebase-common:20.4.2] AndroidManifest.xml:24:13-77
207            android:authorities="com.example.cloudbelly_app.firebaseinitprovider"
207-->[com.google.firebase:firebase-common:20.4.2] AndroidManifest.xml:25:13-72
208            android:directBootAware="true"
208-->[com.google.firebase:firebase-common:20.4.2] AndroidManifest.xml:26:13-43
209            android:exported="false"
209-->[com.google.firebase:firebase-common:20.4.2] AndroidManifest.xml:27:13-37
210            android:initOrder="100" />
210-->[com.google.firebase:firebase-common:20.4.2] AndroidManifest.xml:28:13-36
211
212        <activity
212-->[com.google.android.gms:play-services-auth:20.7.0] AndroidManifest.xml:23:9-27:75
213            android:name="com.google.android.gms.auth.api.signin.internal.SignInHubActivity"
213-->[com.google.android.gms:play-services-auth:20.7.0] AndroidManifest.xml:24:13-93
214            android:excludeFromRecents="true"
214-->[com.google.android.gms:play-services-auth:20.7.0] AndroidManifest.xml:25:13-46
215            android:exported="false"
215-->[com.google.android.gms:play-services-auth:20.7.0] AndroidManifest.xml:26:13-37
216            android:theme="@android:style/Theme.Translucent.NoTitleBar" />
216-->[com.google.android.gms:play-services-auth:20.7.0] AndroidManifest.xml:27:13-72
217        <!--
218            Service handling Google Sign-In user revocation. For apps that do not integrate with
219            Google Sign-In, this service will never be started.
220        -->
221        <service
221-->[com.google.android.gms:play-services-auth:20.7.0] AndroidManifest.xml:33:9-37:51
222            android:name="com.google.android.gms.auth.api.signin.RevocationBoundService"
222-->[com.google.android.gms:play-services-auth:20.7.0] AndroidManifest.xml:34:13-89
223            android:exported="true"
223-->[com.google.android.gms:play-services-auth:20.7.0] AndroidManifest.xml:35:13-36
224            android:permission="com.google.android.gms.auth.api.signin.permission.REVOCATION_NOTIFICATION"
224-->[com.google.android.gms:play-services-auth:20.7.0] AndroidManifest.xml:36:13-107
225            android:visibleToInstantApps="true" />
225-->[com.google.android.gms:play-services-auth:20.7.0] AndroidManifest.xml:37:13-48
226
227        <activity
227-->[com.google.android.gms:play-services-base:18.1.0] AndroidManifest.xml:20:9-22:45
228            android:name="com.google.android.gms.common.api.GoogleApiActivity"
228-->[com.google.android.gms:play-services-base:18.1.0] AndroidManifest.xml:20:19-85
229            android:exported="false"
229-->[com.google.android.gms:play-services-base:18.1.0] AndroidManifest.xml:22:19-43
230            android:theme="@android:style/Theme.Translucent.NoTitleBar" />
230-->[com.google.android.gms:play-services-base:18.1.0] AndroidManifest.xml:21:19-78
231
232        <receiver
232-->[com.google.android.gms:play-services-measurement:21.5.0] AndroidManifest.xml:29:9-33:20
233            android:name="com.google.android.gms.measurement.AppMeasurementReceiver"
233-->[com.google.android.gms:play-services-measurement:21.5.0] AndroidManifest.xml:30:13-85
234            android:enabled="true"
234-->[com.google.android.gms:play-services-measurement:21.5.0] AndroidManifest.xml:31:13-35
235            android:exported="false" >
235-->[com.google.android.gms:play-services-measurement:21.5.0] AndroidManifest.xml:32:13-37
236        </receiver>
237
238        <service
238-->[com.google.android.gms:play-services-measurement:21.5.0] AndroidManifest.xml:35:9-38:40
239            android:name="com.google.android.gms.measurement.AppMeasurementService"
239-->[com.google.android.gms:play-services-measurement:21.5.0] AndroidManifest.xml:36:13-84
240            android:enabled="true"
240-->[com.google.android.gms:play-services-measurement:21.5.0] AndroidManifest.xml:37:13-35
241            android:exported="false" />
241-->[com.google.android.gms:play-services-measurement:21.5.0] AndroidManifest.xml:38:13-37
242        <service
242-->[com.google.android.gms:play-services-measurement:21.5.0] AndroidManifest.xml:39:9-43:72
243            android:name="com.google.android.gms.measurement.AppMeasurementJobService"
243-->[com.google.android.gms:play-services-measurement:21.5.0] AndroidManifest.xml:40:13-87
244            android:enabled="true"
244-->[com.google.android.gms:play-services-measurement:21.5.0] AndroidManifest.xml:41:13-35
245            android:exported="false"
245-->[com.google.android.gms:play-services-measurement:21.5.0] AndroidManifest.xml:42:13-37
246            android:permission="android.permission.BIND_JOB_SERVICE" />
246-->[com.google.android.gms:play-services-measurement:21.5.0] AndroidManifest.xml:43:13-69
247
248        <uses-library
248-->[androidx.privacysandbox.ads:ads-adservices:1.0.0-beta05] AndroidManifest.xml:23:9-25:40
249            android:name="android.ext.adservices"
249-->[androidx.privacysandbox.ads:ads-adservices:1.0.0-beta05] AndroidManifest.xml:24:13-50
250            android:required="false" />
250-->[androidx.privacysandbox.ads:ads-adservices:1.0.0-beta05] AndroidManifest.xml:25:13-37
251        <uses-library
251-->[androidx.window:window:1.0.0-beta04] AndroidManifest.xml:25:9-27:40
252            android:name="androidx.window.extensions"
252-->[androidx.window:window:1.0.0-beta04] AndroidManifest.xml:26:13-54
253            android:required="false" />
253-->[androidx.window:window:1.0.0-beta04] AndroidManifest.xml:27:13-37
254        <uses-library
254-->[androidx.window:window:1.0.0-beta04] AndroidManifest.xml:28:9-30:40
255            android:name="androidx.window.sidecar"
255-->[androidx.window:window:1.0.0-beta04] AndroidManifest.xml:29:13-51
256            android:required="false" />
256-->[androidx.window:window:1.0.0-beta04] AndroidManifest.xml:30:13-37
257
258        <meta-data
258-->[com.google.android.gms:play-services-basement:18.2.0] AndroidManifest.xml:21:9-23:69
259            android:name="com.google.android.gms.version"
259-->[com.google.android.gms:play-services-basement:18.2.0] AndroidManifest.xml:22:13-58
260            android:value="@integer/google_play_services_version" />
260-->[com.google.android.gms:play-services-basement:18.2.0] AndroidManifest.xml:23:13-66
261
262        <service
262-->[com.google.android.datatransport:transport-backend-cct:3.1.8] AndroidManifest.xml:28:9-34:19
263            android:name="com.google.android.datatransport.runtime.backends.TransportBackendDiscovery"
263-->[com.google.android.datatransport:transport-backend-cct:3.1.8] AndroidManifest.xml:29:13-103
264            android:exported="false" >
264-->[com.google.android.datatransport:transport-backend-cct:3.1.8] AndroidManifest.xml:30:13-37
265            <meta-data
265-->[com.google.android.datatransport:transport-backend-cct:3.1.8] AndroidManifest.xml:31:13-33:39
266                android:name="backend:com.google.android.datatransport.cct.CctBackendFactory"
266-->[com.google.android.datatransport:transport-backend-cct:3.1.8] AndroidManifest.xml:32:17-94
267                android:value="cct" />
267-->[com.google.android.datatransport:transport-backend-cct:3.1.8] AndroidManifest.xml:33:17-36
268        </service>
269        <service
269-->[com.google.android.datatransport:transport-runtime:3.1.8] AndroidManifest.xml:26:9-30:19